Disk Report -Tue Sep 30 09:21:38 PM EDT 2025
Filesystem      Size  Used Avail Use% Mounted on
tmpfs           336M  2.0M  334M   1% /run
/dev/sda2        20G   12G  7.1G  63% /
tmpfs           1.7G     0  1.7G   0% /dev/shm
tmpfs           5.0M  8.0K  5.0M   1% /run/lock
tmpfs           1.0M     0  1.0M   0% /run/credentials/systemd-journald.service
tmpfs           1.7G   16K  1.7G   1% /tmp
tmpfs           1.0M     0  1.0M   0% /run/credentials/systemd-resolved.service
tmpfs           336M  112K  336M   1% /run/user/1000
/dev/sr0        100M  100M     0 100% /media/aa3452/CDROM1
/dev/sr1        5.9G  5.9G     0 100% /media/aa3452/Ubuntu 25.04 amd64
-----------
Disk Report -Tue Sep 30 09:28:09 PM EDT 2025
Filesystem      Size  Used Avail Use% Mounted on
tmpfs           336M  2.0M  334M   1% /run
/dev/sda2        20G   12G  7.1G  63% /
tmpfs           1.7G     0  1.7G   0% /dev/shm
tmpfs           5.0M  8.0K  5.0M   1% /run/lock
tmpfs           1.0M     0  1.0M   0% /run/credentials/systemd-journald.service
tmpfs           1.7G   16K  1.7G   1% /tmp
tmpfs           1.0M     0  1.0M   0% /run/credentials/systemd-resolved.service
tmpfs           336M  112K  336M   1% /run/user/1000
/dev/sr0        100M  100M     0 100% /media/aa3452/CDROM1
/dev/sr1        5.9G  5.9G     0 100% /media/aa3452/Ubuntu 25.04 amd64
------------------------
Disk Report -Tue Sep 30 09:35:01 PM EDT 2025
Filesystem      Size  Used Avail Use% Mounted on
tmpfs           336M  2.0M  334M   1% /run
/dev/sda2        20G   12G  7.1G  63% /
tmpfs           1.7G     0  1.7G   0% /dev/shm
tmpfs           5.0M  8.0K  5.0M   1% /run/lock
tmpfs           1.0M     0  1.0M   0% /run/credentials/systemd-journald.service
tmpfs           1.7G   16K  1.7G   1% /tmp
tmpfs           1.0M     0  1.0M   0% /run/credentials/systemd-resolved.service
tmpfs           336M  112K  336M   1% /run/user/1000
/dev/sr0        100M  100M     0 100% /media/aa3452/CDROM1
/dev/sr1        5.9G  5.9G     0 100% /media/aa3452/Ubuntu 25.04 amd64
------------------------
Disk Report -Tue Sep 30 09:40:01 PM EDT 2025
Filesystem      Size  Used Avail Use% Mounted on
tmpfs           336M  2.1M  334M   1% /run
/dev/sda2        20G   12G  7.1G  63% /
tmpfs           1.7G     0  1.7G   0% /dev/shm
tmpfs           5.0M  8.0K  5.0M   1% /run/lock
tmpfs           1.0M     0  1.0M   0% /run/credentials/systemd-journald.service
tmpfs           1.7G   16K  1.7G   1% /tmp
tmpfs           1.0M     0  1.0M   0% /run/credentials/systemd-resolved.service
tmpfs           336M  116K  336M   1% /run/user/1000
/dev/sr0        100M  100M     0 100% /media/aa3452/CDROM1
/dev/sr1        5.9G  5.9G     0 100% /media/aa3452/Ubuntu 25.04 amd64
------------------------
Disk Report -Tue Sep 30 10:13:06 PM EDT 2025
Filesystem      Size  Used Avail Use% Mounted on
tmpfs           336M  2.1M  334M   1% /run
/dev/sda2        20G   12G  7.1G  63% /
tmpfs           1.7G     0  1.7G   0% /dev/shm
tmpfs           5.0M  8.0K  5.0M   1% /run/lock
tmpfs           1.0M     0  1.0M   0% /run/credentials/systemd-journald.service
tmpfs           1.7G   16K  1.7G   1% /tmp
tmpfs           1.0M     0  1.0M   0% /run/credentials/systemd-resolved.service
tmpfs           336M  116K  336M   1% /run/user/1000
/dev/sr0        100M  100M     0 100% /media/aa3452/CDROM1
/dev/sr1        5.9G  5.9G     0 100% /media/aa3452/Ubuntu 25.04 amd64
------------------------
Disk Report -Tue Sep 30 10:15:01 PM EDT 2025
Filesystem      Size  Used Avail Use% Mounted on
tmpfs           336M  2.1M  334M   1% /run
/dev/sda2        20G   12G  7.1G  63% /
tmpfs           1.7G     0  1.7G   0% /dev/shm
tmpfs           5.0M  8.0K  5.0M   1% /run/lock
tmpfs           1.0M     0  1.0M   0% /run/credentials/systemd-journald.service
tmpfs           1.7G   16K  1.7G   1% /tmp
tmpfs           1.0M     0  1.0M   0% /run/credentials/systemd-resolved.service
tmpfs           336M  116K  336M   1% /run/user/1000
/dev/sr0        100M  100M     0 100% /media/aa3452/CDROM1
/dev/sr1        5.9G  5.9G     0 100% /media/aa3452/Ubuntu 25.04 amd64
------------------------
Disk Report -Tue Sep 30 10:20:01 PM EDT 2025
Filesystem      Size  Used Avail Use% Mounted on
tmpfs           336M  2.1M  334M   1% /run
/dev/sda2        20G   12G  7.1G  63% /
tmpfs           1.7G     0  1.7G   0% /dev/shm
tmpfs           5.0M  8.0K  5.0M   1% /run/lock
tmpfs           1.0M     0  1.0M   0% /run/credentials/systemd-journald.service
tmpfs           1.7G   16K  1.7G   1% /tmp
tmpfs           1.0M     0  1.0M   0% /run/credentials/systemd-resolved.service
tmpfs           336M  120K  336M   1% /run/user/1000
/dev/sr0        100M  100M     0 100% /media/aa3452/CDROM1
/dev/sr1        5.9G  5.9G     0 100% /media/aa3452/Ubuntu 25.04 amd64
------------------------
Disk Report -Tue Sep 30 10:25:01 PM EDT 2025
Filesystem      Size  Used Avail Use% Mounted on
tmpfs           336M  2.1M  334M   1% /run
/dev/sda2        20G   12G  7.1G  63% /
tmpfs           1.7G     0  1.7G   0% /dev/shm
tmpfs           5.0M  8.0K  5.0M   1% /run/lock
tmpfs           1.0M     0  1.0M   0% /run/credentials/systemd-journald.service
tmpfs           1.7G   16K  1.7G   1% /tmp
tmpfs           1.0M     0  1.0M   0% /run/credentials/systemd-resolved.service
tmpfs           336M  120K  336M   1% /run/user/1000
/dev/sr0        100M  100M     0 100% /media/aa3452/CDROM1
/dev/sr1        5.9G  5.9G     0 100% /media/aa3452/Ubuntu 25.04 amd64
------------------------
Disk Report -Tue Sep 30 10:30:01 PM EDT 2025
Filesystem      Size  Used Avail Use% Mounted on
tmpfs           336M  2.1M  334M   1% /run
/dev/sda2        20G   12G  7.1G  63% /
tmpfs           1.7G  4.0K  1.7G   1% /dev/shm
tmpfs           5.0M  8.0K  5.0M   1% /run/lock
tmpfs           1.0M     0  1.0M   0% /run/credentials/systemd-journald.service
tmpfs           1.7G   16K  1.7G   1% /tmp
tmpfs           1.0M     0  1.0M   0% /run/credentials/systemd-resolved.service
tmpfs           336M  4.1M  332M   2% /run/user/1000
/dev/sr0        100M  100M     0 100% /media/aa3452/CDROM1
/dev/sr1        5.9G  5.9G     0 100% /media/aa3452/Ubuntu 25.04 amd64
------------------------
